make[1]: Entering directory '/home/runner/work/moq-interop-runner/moq-interop-runner/main'
rm -rf mlog/
mkdir -p mlog/relay mlog/client
Running interop tests...
  Relay:  ghcr.io/englishm/moq-interop-runner-quiche-moq-relay:latest
  Client: ghcr.io/facebookexperimental/moxygen-interop-client:latest-amd64
RELAY_IMAGE=ghcr.io/englishm/moq-interop-runner-quiche-moq-relay:latest CLIENT_IMAGE=ghcr.io/facebookexperimental/moxygen-interop-client:latest-amd64 \
	docker compose -f docker-compose.test.yml up --abort-on-container-exit
time="2026-02-13T22:21:53Z" level=warning msg="The \"PORT\" variable is not set. Defaulting to a blank string."
time="2026-02-13T22:21:53Z" level=warning msg="The \"PORT\" variable is not set. Defaulting to a blank string."
time="2026-02-13T22:21:53Z" level=warning msg="The \"PORT\" variable is not set. Defaulting to a blank string."
time="2026-02-13T22:21:53Z" level=warning msg="The \"HEX\" variable is not set. Defaulting to a blank string."
time="2026-02-13T22:21:53Z" level=warning msg="The \"HEX\" variable is not set. Defaulting to a blank string."
 Container main-relay-1  Recreate
 Container main-relay-1  Recreated
Attaching to relay-1, test-client-1
relay-1  | Starting quiche-moq relay on port 4443
relay-1  |   Cert: /certs/cert.pem
relay-1  |   Key:  /certs/priv.key
test-client-1  | TAP version 14
test-client-1  | # moxygen interop test client
test-client-1  | # Relay: https://relay:4443
test-client-1  | # Transport: WebTransport
test-client-1  | 1..6
test-client-1  | ok 1 - setup-only
test-client-1  |   ---
test-client-1  |   duration_ms: 13
test-client-1  |   info: SETUP exchange completed successfully
test-client-1  |   ...
test-client-1  | E0213 22:22:09.732455     1 MoQSession.cpp:2573] proxygen::WebTransport::Exception: session terminated with error=386759528 id=4 sess=0x559374543e90
test-client-1  | E0213 22:22:09.740641     1 MoQRelaySession.cpp:681] PublishNamespaceDone for unknown publishNamespace, sess=0x559374565780
test-client-1  | E0213 22:22:09.740750     1 MoQSession.cpp:2573] proxygen::WebTransport::Exception: session terminated with error=386759528 id=4 sess=0x559374565780
test-client-1  | ok 2 - announce-only
test-client-1  |   ---
test-client-1  |   duration_ms: 8
test-client-1  |   info: PUBLISH_NAMESPACE completed successfully
test-client-1  |   ...
test-client-1  | ok 3 - subscribe-error
test-client-1  |   ---
test-client-1  |   duration_ms: 7
test-client-1  |   info: Subscribe correctly returned error: Session closed
test-client-1  |   ...
test-client-1  | E0213 22:22:09.748432     1 MoQSession.cpp:2573] proxygen::WebTransport::Exception: session terminated with error=386759528 id=4 sess=0x55937458b8a0
test-client-1  | E0213 22:22:09.763282     1 MoQSession.cpp:2573] proxygen::WebTransport::Exception: session terminated with error=386759528 id=4 sess=0x5593745ba220
test-client-1  | E0213 22:22:09.763427     1 MoQSession.cpp:2573] proxygen::WebTransport::Exception: session terminated with error=386759528 id=4 sess=0x55937459c8e0
test-client-1  | not ok 4 - announce-subscribe
test-client-1  |   ---
test-client-1  |   duration_ms: 14
test-client-1  |   error: Subscribe failed: Session closed
test-client-1  |   ...
test-client-1  | E0213 22:22:09.770974     1 MoQSession.cpp:2573] proxygen::WebTransport::Exception: session terminated with error=386759528 id=4 sess=0x559374564f70
test-client-1  | ok 5 - publish-namespace-done
test-client-1  |   ---
test-client-1  |   duration_ms: 7
test-client-1  |   info: PUBLISH_NAMESPACE_OK received, PUBLISH_NAMESPACE_DONE sent
test-client-1  |   ...
test-client-1  | E0213 22:22:09.778730     1 MoQSession.cpp:2573] proxygen::WebTransport::Exception: session terminated with error=386759528 id=4 sess=0x5593745c4a90
test-client-1  | ok 6 - subscribe-before-announce
test-client-1  |   ---
test-client-1  |   duration_ms: 516
test-client-1  |   info: Subscribe returned error (relay doesn't buffer pending subscriptions): Session closed
test-client-1  |   ...
test-client-1  | E0213 22:22:10.287325     1 MoQSession.cpp:2573] proxygen::WebTransport::Exception: session terminated with error=386759528 id=4 sess=0x5593745c4c20
[Ktest-client-1 exited with code 1
[31m[1mAborting on container exit...[0m
 Container main-test-client-1  Stopping
 Container main-test-client-1  Stopped
 Container main-relay-1  Stopping
 Container main-relay-1  Stopped
[Krelay-1 exited with code 137

make[1]: *** [Makefile:65: test] Error 1
make[1]: Leaving directory '/home/runner/work/moq-interop-runner/moq-interop-runner/main'
