make[1]: Entering directory '/home/runner/work/moq-interop-runner/moq-interop-runner/main'
rm -rf mlog/
mkdir -p mlog/relay mlog/client
Running interop tests...
  Relay:  ghcr.io/englishm/moq-interop-runner-quiche-moq-relay:latest
  Client: ghcr.io/facebookexperimental/moxygen-interop-client:latest-amd64
RELAY_IMAGE=ghcr.io/englishm/moq-interop-runner-quiche-moq-relay:latest CLIENT_IMAGE=ghcr.io/facebookexperimental/moxygen-interop-client:latest-amd64 \
	docker compose -f docker-compose.test.yml up --abort-on-container-exit
time="2026-02-15T00:30:40Z" level=warning msg="The \"PORT\" variable is not set. Defaulting to a blank string."
time="2026-02-15T00:30:40Z" level=warning msg="The \"PORT\" variable is not set. Defaulting to a blank string."
time="2026-02-15T00:30:40Z" level=warning msg="The \"PORT\" variable is not set. Defaulting to a blank string."
time="2026-02-15T00:30:40Z" level=warning msg="The \"HEX\" variable is not set. Defaulting to a blank string."
time="2026-02-15T00:30:40Z" level=warning msg="The \"HEX\" variable is not set. Defaulting to a blank string."
 Container main-relay-1  Recreate
 Container main-relay-1  Recreated
Attaching to relay-1, test-client-1
relay-1  | Starting quiche-moq relay on port 4443
relay-1  |   Cert: /certs/cert.pem
relay-1  |   Key:  /certs/priv.key
test-client-1  | TAP version 14
test-client-1  | # moxygen interop test client
test-client-1  | # Relay: https://relay:4443
test-client-1  | # Transport: WebTransport
test-client-1  | 1..6
test-client-1  | E0215 00:30:56.393535     1 MoQSession.cpp:2573] proxygen::WebTransport::Exception: session terminated with error=386759528 id=4 sess=0x556f2ac93ea0
test-client-1  | ok 1 - setup-only
test-client-1  |   ---
test-client-1  |   duration_ms: 10
test-client-1  |   info: SETUP exchange completed successfully
test-client-1  |   ...
test-client-1  | E0215 00:30:56.400376     1 MoQRelaySession.cpp:681] PublishNamespaceDone for unknown publishNamespace, sess=0x556f2acb5b10
test-client-1  | ok 2 - announce-only
test-client-1  |   ---
test-client-1  |   duration_ms: 6
test-client-1  |   info: PUBLISH_NAMESPACE completed successfully
test-client-1  |   ...
test-client-1  | E0215 00:30:56.400521     1 MoQSession.cpp:2573] proxygen::WebTransport::Exception: session terminated with error=386759528 id=4 sess=0x556f2acb5b10
test-client-1  | E0215 00:30:56.407468     1 MoQSession.cpp:2573] proxygen::WebTransport::Exception: session terminated with error=386759528 id=4 sess=0x556f2acdb8c0
test-client-1  | ok 3 - subscribe-error
test-client-1  |   ---
test-client-1  |   duration_ms: 6
test-client-1  |   info: Subscribe correctly returned error: Session closed
test-client-1  |   ...
test-client-1  | E0215 00:30:56.421008     1 MoQSession.cpp:2573] proxygen::WebTransport::Exception: session terminated with error=386759528 id=4 sess=0x556f2ad04190
test-client-1  | E0215 00:30:56.421212     1 MoQSession.cpp:2573] proxygen::WebTransport::Exception: session terminated with error=386759528 id=4 sess=0x556f2acec990
test-client-1  | not ok 4 - announce-subscribe
test-client-1  |   ---
test-client-1  |   duration_ms: 13
test-client-1  |   error: Subscribe failed: Session closed
test-client-1  |   ...
test-client-1  | E0215 00:30:56.427920     1 MoQSession.cpp:2573] proxygen::WebTransport::Exception: session terminated with error=386759528 id=4 sess=0x556f2ad17170
test-client-1  | ok 5 - publish-namespace-done
test-client-1  |   ---
test-client-1  |   duration_ms: 6
test-client-1  |   info: PUBLISH_NAMESPACE_OK received, PUBLISH_NAMESPACE_DONE sent
test-client-1  |   ...
test-client-1  | E0215 00:30:56.435128     1 MoQSession.cpp:2573] proxygen::WebTransport::Exception: session terminated with error=386759528 id=4 sess=0x556f2ad25cc0
test-client-1  | E0215 00:30:56.942928     1 MoQSession.cpp:2573] proxygen::WebTransport::Exception: session terminated with error=386759528 id=4 sess=0x556f2acf6500
test-client-1  | ok 6 - subscribe-before-announce
test-client-1  |   ---
test-client-1  |   duration_ms: 514
test-client-1  |   info: Subscribe returned error (relay doesn't buffer pending subscriptions): Session closed
test-client-1  |   ...
[Ktest-client-1 exited with code 1
[31m[1mAborting on container exit...[0m
 Container main-test-client-1  Stopping
 Container main-test-client-1  Stopped
 Container main-relay-1  Stopping
 Container main-relay-1  Stopped
[Krelay-1 exited with code 137

make[1]: *** [Makefile:65: test] Error 1
make[1]: Leaving directory '/home/runner/work/moq-interop-runner/moq-interop-runner/main'
